<?xml version="1.0" encoding="UTF-8"?>
<!-- Generated by org.testng.reporters.JUnitReportReporter -->
<testsuite skipped="0" hostname="DESKTOP-R5U0RRK" name="com.saucelab.testCases.SauceCartTest" tests="1" failures="0" timestamp="19 Jun 2023 01:39:03 GMT" time="3.568" errors="0">
  <testcase name="login" time="3.568" classname="com.saucelab.testCases.SauceCartTest"/>
</testsuite> <!-- com.saucelab.testCases.SauceCartTest -->
