<?xml version="1.0" encoding="UTF-8"?>
<!-- Generated by org.testng.reporters.JUnitReportReporter -->
<testsuite skipped="0" hostname="DESKTOP-R5U0RRK" name="com.saucelab.testCases.SauceOverviewTest" tests="1" failures="0" timestamp="19 Jun 2023 01:48:40 GMT" time="9.709" errors="0">
  <testcase name="login" time="9.709" classname="com.saucelab.testCases.SauceOverviewTest"/>
</testsuite> <!-- com.saucelab.testCases.SauceOverviewTest -->
