<?xml version="1.0" encoding="UTF-8"?>
<!-- Generated by org.testng.reporters.JUnitReportReporter -->
<testsuite skipped="0" hostname="DESKTOP-R5U0RRK" name="com.saucelab.testCases.SauceInformationTest" tests="1" failures="0" timestamp="19 Jun 2023 01:45:22 GMT" time="10.466" errors="0">
  <testcase name="login" time="10.466" classname="com.saucelab.testCases.SauceInformationTest"/>
</testsuite> <!-- com.saucelab.testCases.SauceInformationTest -->
