<?xml version="1.0" encoding="UTF-8"?>
<!-- Generated by org.testng.reporters.JUnitReportReporter -->
<testsuite skipped="0" hostname="DESKTOP-R5U0RRK" name="com.saucelab.testCases.SauceProductTest" tests="1" failures="0" timestamp="19 Jun 2023 01:34:02 GMT" time="2.700" errors="0">
  <testcase name="login" time="2.700" classname="com.saucelab.testCases.SauceProductTest"/>
</testsuite> <!-- com.saucelab.testCases.SauceProductTest -->
