<?xml version="1.0" encoding="UTF-8"?>
<!-- Generated by org.testng.reporters.JUnitReportReporter -->
<testsuite skipped="0" hostname="DESKTOP-R5U0RRK" name="com.saucelab.testCases.SauceCompleteTest" tests="1" failures="0" timestamp="20 Jun 2023 01:45:10 GMT" time="4.951" errors="0">
  <testcase name="login" time="4.951" classname="com.saucelab.testCases.SauceCompleteTest"/>
</testsuite> <!-- com.saucelab.testCases.SauceCompleteTest -->
