<?xml version="1.0" encoding="UTF-8"?>
<!-- Generated by org.testng.reporters.JUnitReportReporter -->
<testsuite hostname="DESKTOP-R5U0RRK" failures="0" tests="1" name="com.saucelab.testCases.SauceCompleteTest" time="3.639" errors="0" timestamp="2023-06-21T07:11:37 IST" skipped="0">
  <testcase classname="com.saucelab.testCases.SauceCompleteTest" name="login" time="3.639"/>
  <system-out/>
</testsuite> <!-- com.saucelab.testCases.SauceCompleteTest -->
